2026-03-16 21:11:16.929 +02:00 [ERR] An error occurred using the connection to database 'LogiKnow' on server 'localhost,1433'.
2026-03-16 21:11:17.075 +02:00 [ERR] An exception occurred while iterating over the results of a query for context type 'LogiKnow.Infrastructure.Persistence.AppDbContext'.
Microsoft.Data.SqlClient.SqlException (0x80131904): A network-related or instance-specific error occurred while establishing a connection to SQL Server. The server was not found or was not accessible. Verify that the instance name is correct and that SQL Server is configured to allow remote connections. (provider: TCP Provider, error: 0 - No connection could be made because the target machine actively refused it.)
 ---> System.ComponentModel.Win32Exception (10061): No connection could be made because the target machine actively refused it.
   at Microsoft.Data.SqlClient.SqlInternalConnection.OnError(SqlException exception, Boolean breakConnection, Action`1 wrapCloseInAction)
   at Microsoft.Data.SqlClient.TdsParser.ThrowExceptionAndWarning(TdsParserStateObject stateObj, Boolean callerHasConnectionLock, Boolean asyncClose)
   at Microsoft.Data.SqlClient.TdsParser.Connect(ServerInfo serverInfo, SqlInternalConnectionTds connHandler, Boolean ignoreSniOpenTimeout, Int64 timerExpire, Boolean encrypt, Boolean trustServerCert, Boolean integratedSecurity, Boolean withFailover, SqlAuthenticationMethod authType)
   at Microsoft.Data.SqlClient.SqlInternalConnectionTds.AttemptOneLogin(ServerInfo serverInfo, String newPassword, SecureString newSecurePassword, Boolean ignoreSniOpenTimeout, TimeoutTimer timeout, Boolean withFailover)
   at Microsoft.Data.SqlClient.SqlInternalConnectionTds.LoginNoFailover(ServerInfo serverInfo, String newPassword, SecureString newSecurePassword, Boolean redirectedUserInstance, SqlConnectionString connectionOptions, SqlCredential credential, TimeoutTimer timeout)
   at Microsoft.Data.SqlClient.SqlInternalConnectionTds.OpenLoginEnlist(TimeoutTimer timeout, SqlConnectionString connectionOptions, SqlCredential credential, String newPassword, SecureString newSecurePassword, Boolean redirectedUserInstance)
   at Microsoft.Data.SqlClient.SqlInternalConnectionTds..ctor(DbConnectionPoolIdentity identity, SqlConnectionString connectionOptions, SqlCredential credential, Object providerInfo, String newPassword, SecureString newSecurePassword, Boolean redirectedUserInstance, SqlConnectionString userConnectionOptions, SessionData reconnectSessionData, Boolean applyTransientFaultHandling, String accessToken, DbConnectionPool pool)
   at Microsoft.Data.SqlClient.SqlConnectionFactory.CreateConnection(DbConnectionOptions options, DbConnectionPoolKey poolKey, Object poolGroupProviderInfo, DbConnectionPool pool, DbConnection owningConnection, DbConnectionOptions userOptions)
   at Microsoft.Data.ProviderBase.DbConnectionFactory.CreatePooledConnection(DbConnectionPool pool, DbConnection owningObject, DbConnectionOptions options, DbConnectionPoolKey poolKey, DbConnectionOptions userOptions)
   at Microsoft.Data.ProviderBase.DbConnectionPool.CreateObject(DbConnection owningObject, DbConnectionOptions userOptions, DbConnectionInternal oldConnection)
   at Microsoft.Data.ProviderBase.DbConnectionPool.UserCreateRequest(DbConnection owningObject, DbConnectionOptions userOptions, DbConnectionInternal oldConnection)
   at Microsoft.Data.ProviderBase.DbConnectionPool.TryGetConnection(DbConnection owningObject, UInt32 waitForMultipleObjectsTimeout, Boolean allowCreate, Boolean onlyOneCheckConnection, DbConnectionOptions userOptions, DbConnectionInternal& connection)
   at Microsoft.Data.ProviderBase.DbConnectionPool.WaitForPendingOpen()
--- End of stack trace from previous location ---
   at Microsoft.EntityFrameworkCore.Storage.RelationalConnection.OpenInternalAsync(Boolean errorsExpected, CancellationToken cancellationToken)
   at Microsoft.EntityFrameworkCore.Storage.RelationalConnection.OpenInternalAsync(Boolean errorsExpected, CancellationToken cancellationToken)
   at Microsoft.EntityFrameworkCore.Storage.RelationalConnection.OpenAsync(CancellationToken cancellationToken, Boolean errorsExpected)
   at Microsoft.EntityFrameworkCore.Storage.RelationalCommand.ExecuteReaderAsync(RelationalCommandParameterObject parameterObject, CancellationToken cancellationToken)
   at Microsoft.EntityFrameworkCore.Query.Internal.SingleQueryingEnumerable`1.AsyncEnumerator.InitializeReaderAsync(AsyncEnumerator enumerator, CancellationToken cancellationToken)
   at Microsoft.EntityFrameworkCore.SqlServer.Storage.Internal.SqlServerExecutionStrategy.ExecuteAsync[TState,TResult](TState state, Func`4 operation, Func`4 verifySucceeded, CancellationToken cancellationToken)
   at Microsoft.EntityFrameworkCore.Query.Internal.SingleQueryingEnumerable`1.AsyncEnumerator.MoveNextAsync()
ClientConnectionId:00000000-0000-0000-0000-000000000000
Error Number:10061,State:0,Class:20
Microsoft.Data.SqlClient.SqlException (0x80131904): A network-related or instance-specific error occurred while establishing a connection to SQL Server. The server was not found or was not accessible. Verify that the instance name is correct and that SQL Server is configured to allow remote connections. (provider: TCP Provider, error: 0 - No connection could be made because the target machine actively refused it.)
 ---> System.ComponentModel.Win32Exception (10061): No connection could be made because the target machine actively refused it.
   at Microsoft.Data.SqlClient.SqlInternalConnection.OnError(SqlException exception, Boolean breakConnection, Action`1 wrapCloseInAction)
   at Microsoft.Data.SqlClient.TdsParser.ThrowExceptionAndWarning(TdsParserStateObject stateObj, Boolean callerHasConnectionLock, Boolean asyncClose)
   at Microsoft.Data.SqlClient.TdsParser.Connect(ServerInfo serverInfo, SqlInternalConnectionTds connHandler, Boolean ignoreSniOpenTimeout, Int64 timerExpire, Boolean encrypt, Boolean trustServerCert, Boolean integratedSecurity, Boolean withFailover, SqlAuthenticationMethod authType)
   at Microsoft.Data.SqlClient.SqlInternalConnectionTds.AttemptOneLogin(ServerInfo serverInfo, String newPassword, SecureString newSecurePassword, Boolean ignoreSniOpenTimeout, TimeoutTimer timeout, Boolean withFailover)
   at Microsoft.Data.SqlClient.SqlInternalConnectionTds.LoginNoFailover(ServerInfo serverInfo, String newPassword, SecureString newSecurePassword, Boolean redirectedUserInstance, SqlConnectionString connectionOptions, SqlCredential credential, TimeoutTimer timeout)
   at Microsoft.Data.SqlClient.SqlInternalConnectionTds.OpenLoginEnlist(TimeoutTimer timeout, SqlConnectionString connectionOptions, SqlCredential credential, String newPassword, SecureString newSecurePassword, Boolean redirectedUserInstance)
   at Microsoft.Data.SqlClient.SqlInternalConnectionTds..ctor(DbConnectionPoolIdentity identity, SqlConnectionString connectionOptions, SqlCredential credential, Object providerInfo, String newPassword, SecureString newSecurePassword, Boolean redirectedUserInstance, SqlConnectionString userConnectionOptions, SessionData reconnectSessionData, Boolean applyTransientFaultHandling, String accessToken, DbConnectionPool pool)
   at Microsoft.Data.SqlClient.SqlConnectionFactory.CreateConnection(DbConnectionOptions options, DbConnectionPoolKey poolKey, Object poolGroupProviderInfo, DbConnectionPool pool, DbConnection owningConnection, DbConnectionOptions userOptions)
   at Microsoft.Data.ProviderBase.DbConnectionFactory.CreatePooledConnection(DbConnectionPool pool, DbConnection owningObject, DbConnectionOptions options, DbConnectionPoolKey poolKey, DbConnectionOptions userOptions)
   at Microsoft.Data.ProviderBase.DbConnectionPool.CreateObject(DbConnection owningObject, DbConnectionOptions userOptions, DbConnectionInternal oldConnection)
   at Microsoft.Data.ProviderBase.DbConnectionPool.UserCreateRequest(DbConnection owningObject, DbConnectionOptions userOptions, DbConnectionInternal oldConnection)
   at Microsoft.Data.ProviderBase.DbConnectionPool.TryGetConnection(DbConnection owningObject, UInt32 waitForMultipleObjectsTimeout, Boolean allowCreate, Boolean onlyOneCheckConnection, DbConnectionOptions userOptions, DbConnectionInternal& connection)
   at Microsoft.Data.ProviderBase.DbConnectionPool.WaitForPendingOpen()
--- End of stack trace from previous location ---
   at Microsoft.EntityFrameworkCore.Storage.RelationalConnection.OpenInternalAsync(Boolean errorsExpected, CancellationToken cancellationToken)
   at Microsoft.EntityFrameworkCore.Storage.RelationalConnection.OpenInternalAsync(Boolean errorsExpected, CancellationToken cancellationToken)
   at Microsoft.EntityFrameworkCore.Storage.RelationalConnection.OpenAsync(CancellationToken cancellationToken, Boolean errorsExpected)
   at Microsoft.EntityFrameworkCore.Storage.RelationalCommand.ExecuteReaderAsync(RelationalCommandParameterObject parameterObject, CancellationToken cancellationToken)
   at Microsoft.EntityFrameworkCore.Query.Internal.SingleQueryingEnumerable`1.AsyncEnumerator.InitializeReaderAsync(AsyncEnumerator enumerator, CancellationToken cancellationToken)
   at Microsoft.EntityFrameworkCore.SqlServer.Storage.Internal.SqlServerExecutionStrategy.ExecuteAsync[TState,TResult](TState state, Func`4 operation, Func`4 verifySucceeded, CancellationToken cancellationToken)
   at Microsoft.EntityFrameworkCore.Query.Internal.SingleQueryingEnumerable`1.AsyncEnumerator.MoveNextAsync()
ClientConnectionId:00000000-0000-0000-0000-000000000000
Error Number:10061,State:0,Class:20
2026-03-16 21:27:43.053 +02:00 [INF] LogiKnow API starting on 
2026-03-16 21:37:18.915 +02:00 [DBG] → GET /api/books
2026-03-16 21:37:18.915 +02:00 [DBG] → GET /api/books
2026-03-16 21:37:19.038 +02:00 [WRN] Failed to determine the https port for redirect.
2026-03-16 21:37:27.414 +02:00 [DBG] GetAll books: lang=null, category=null
2026-03-16 21:37:27.414 +02:00 [DBG] GetAll books: lang=null, category=null
2026-03-16 21:37:27.975 +02:00 [DBG] ← GET /api/books → 200 (9067ms)
2026-03-16 21:37:27.975 +02:00 [DBG] ← GET /api/books → 200 (9068ms)
2026-03-16 21:38:29.036 +02:00 [DBG] → GET /api/academic
2026-03-16 21:38:29.241 +02:00 [DBG] GetAll academic entries: type=null, tag=null, year=null
2026-03-16 21:38:29.535 +02:00 [DBG] ← GET /api/academic → 200 (508ms)
2026-03-16 21:42:06.942 +02:00 [DBG] → GET /api/books
2026-03-16 21:42:07.237 +02:00 [DBG] GetAll books: lang=null, category=null
2026-03-16 21:42:07.804 +02:00 [DBG] ← GET /api/books → 200 (877ms)
2026-03-16 21:42:17.847 +02:00 [DBG] → GET /api/academic
2026-03-16 21:42:17.854 +02:00 [DBG] GetAll academic entries: type=null, tag=null, year=null
2026-03-16 21:42:17.884 +02:00 [DBG] ← GET /api/academic → 200 (37ms)
2026-03-16 21:42:18.056 +02:00 [DBG] → GET /api/academic
2026-03-16 21:42:18.063 +02:00 [DBG] GetAll academic entries: type=null, tag=null, year=null
2026-03-16 21:42:18.070 +02:00 [DBG] ← GET /api/academic → 200 (13ms)
2026-03-16 21:43:26.800 +02:00 [DBG] → GET /api/books
2026-03-16 21:43:26.800 +02:00 [DBG] → GET /api/books
2026-03-16 21:43:26.899 +02:00 [DBG] GetAll books: lang=null, category=null
2026-03-16 21:43:26.899 +02:00 [DBG] GetAll books: lang=null, category=null
2026-03-16 21:43:26.964 +02:00 [DBG] ← GET /api/books → 200 (164ms)
2026-03-16 21:43:26.964 +02:00 [DBG] ← GET /api/books → 200 (174ms)
2026-03-16 21:43:34.811 +02:00 [DBG] → GET /api/academic
2026-03-16 21:43:35.080 +02:00 [DBG] GetAll academic entries: type=null, tag=null, year=null
2026-03-16 21:43:35.092 +02:00 [DBG] ← GET /api/academic → 200 (281ms)
2026-03-16 21:44:30.168 +02:00 [DBG] → OPTIONS /api/academic
2026-03-16 21:44:30.645 +02:00 [DBG] ← OPTIONS /api/academic → 204 (495ms)
2026-03-16 21:44:30.807 +02:00 [DBG] → POST /api/academic
2026-03-16 21:44:30.948 +02:00 [DBG] ← POST /api/academic → 405 (140ms)
2026-03-16 21:57:04.197 +02:00 [DBG] → GET /api/academic
2026-03-16 21:57:04.197 +02:00 [DBG] → GET /api/academic
2026-03-16 21:57:04.817 +02:00 [DBG] GetAll academic entries: type=null, tag=null, year=null
2026-03-16 21:57:04.819 +02:00 [DBG] GetAll academic entries: type=null, tag=null, year=null
2026-03-16 21:57:04.878 +02:00 [DBG] → GET /api/academic
2026-03-16 21:57:04.879 +02:00 [DBG] GetAll academic entries: type=null, tag=null, year=null
2026-03-16 21:57:05.063 +02:00 [DBG] ← GET /api/academic → 200 (888ms)
2026-03-16 21:57:05.063 +02:00 [DBG] ← GET /api/academic → 200 (871ms)
2026-03-16 21:57:05.079 +02:00 [DBG] ← GET /api/academic → 200 (186ms)
2026-03-16 21:57:05.289 +02:00 [DBG] → GET /api/academic
2026-03-16 21:57:05.290 +02:00 [DBG] GetAll academic entries: type=null, tag=null, year=null
2026-03-16 21:57:05.292 +02:00 [DBG] ← GET /api/academic → 200 (3ms)
2026-03-16 22:04:01.130 +02:00 [INF] LogiKnow API starting on 
2026-03-16 22:05:41.420 +02:00 [DBG] → GET /api/academic
2026-03-16 22:05:41.915 +02:00 [WRN] Failed to determine the https port for redirect.
2026-03-16 22:05:58.119 +02:00 [DBG] GetAll academic entries: type=null, tag=null, year=null
2026-03-16 22:05:58.704 +02:00 [DBG] ← GET /api/academic → 200 (17329ms)
2026-03-16 22:06:17.769 +02:00 [DBG] → GET /api/academic
2026-03-16 22:06:17.902 +02:00 [DBG] GetAll academic entries: type=null, tag=null, year=null
2026-03-16 22:06:17.992 +02:00 [DBG] ← GET /api/academic → 200 (246ms)
2026-03-16 22:12:57.850 +02:00 [DBG] → GET /api/books
2026-03-16 22:12:57.850 +02:00 [DBG] → GET /api/books
2026-03-16 22:12:58.234 +02:00 [DBG] GetAll books: lang=null, category=null
2026-03-16 22:12:58.236 +02:00 [DBG] GetAll books: lang=null, category=null
2026-03-16 22:12:58.657 +02:00 [DBG] ← GET /api/books → 200 (827ms)
2026-03-16 22:12:58.657 +02:00 [DBG] ← GET /api/books → 200 (827ms)
