2026-03-20 19:37:45.985 +02:00 [INF] MANARA API starting on 
2026-03-20 19:42:00.115 +02:00 [INF] MANARA API starting on 
2026-03-20 19:50:13.474 +02:00 [DBG] → GET /swagger/index.html
2026-03-20 19:50:13.596 +02:00 [DBG] ← GET /swagger/index.html → 200 (131ms)
2026-03-20 19:50:13.819 +02:00 [DBG] → GET /swagger/v1/swagger.json
2026-03-20 19:50:13.992 +02:00 [DBG] ← GET /swagger/v1/swagger.json → 200 (172ms)
2026-03-20 21:41:15.498 +02:00 [INF] MANARA API starting on 
2026-03-20 21:43:09.109 +02:00 [DBG] → GET /api/auth/me
2026-03-20 21:43:09.109 +02:00 [DBG] → GET /api/arenavideos
2026-03-20 21:43:10.354 +02:00 [DBG] ← GET /api/auth/me → 401 (1284ms)
2026-03-20 21:43:10.484 +02:00 [DBG] GetAll arena videos: page=1, size=10
2026-03-20 21:43:10.753 +02:00 [DBG] → POST /api/auth/refresh
2026-03-20 21:43:10.892 +02:00 [DBG] Refresh token
2026-03-20 21:43:11.036 +02:00 [DBG] ← POST /api/auth/refresh → 401 (282ms)
2026-03-20 21:43:12.084 +02:00 [DBG] → GET /api/arenavideos
2026-03-20 21:43:12.084 +02:00 [DBG] → GET /api/auth/me
2026-03-20 21:43:12.089 +02:00 [DBG] GetAll arena videos: page=1, size=10
2026-03-20 21:43:12.104 +02:00 [DBG] ← GET /api/auth/me → 401 (19ms)
2026-03-20 21:43:12.130 +02:00 [DBG] → POST /api/auth/refresh
2026-03-20 21:43:12.171 +02:00 [DBG] Refresh token
2026-03-20 21:43:12.174 +02:00 [DBG] ← POST /api/auth/refresh → 401 (43ms)
2026-03-20 21:43:14.938 +02:00 [DBG] ← GET /api/arenavideos → 200 (5837ms)
2026-03-20 21:43:15.213 +02:00 [DBG] ← GET /api/arenavideos → 200 (3129ms)
2026-03-20 21:43:27.861 +02:00 [DBG] → GET /api/search
2026-03-20 21:43:27.861 +02:00 [DBG] → GET /api/search
2026-03-20 21:43:27.922 +02:00 [DBG] Global search: q=fddg, types=null
2026-03-20 21:43:28.242 +02:00 [DBG] Global search: q=fd, types=null
2026-03-20 21:43:37.933 +02:00 [DBG] ← GET /api/search → 200 (10071ms)
2026-03-20 21:43:38.543 +02:00 [DBG] ← GET /api/search → 200 (10681ms)
