2026-03-20 21:50:43.513 +02:00 [INF] MANARA API starting on 
2026-03-20 22:01:36.905 +02:00 [INF] MANARA API starting on 
2026-03-20 22:01:40.496 +02:00 [DBG] → GET /api/auth/me
2026-03-20 22:01:40.496 +02:00 [DBG] → GET /api/arenavideos
2026-03-20 22:01:40.801 +02:00 [DBG] ← GET /api/auth/me → 401 (317ms)
2026-03-20 22:01:40.859 +02:00 [DBG] → POST /api/auth/refresh
2026-03-20 22:01:40.866 +02:00 [DBG] GetAll arena videos: page=1, size=10
2026-03-20 22:01:40.899 +02:00 [DBG] Refresh token
2026-03-20 22:01:40.929 +02:00 [DBG] ← POST /api/auth/refresh → 401 (69ms)
2026-03-20 22:01:41.221 +02:00 [DBG] ← GET /api/arenavideos → 200 (737ms)
2026-03-20 22:35:12.567 +02:00 [DBG] → GET /api/auth/me
2026-03-20 22:35:12.563 +02:00 [DBG] → GET /api/arenavideos
2026-03-20 22:35:12.664 +02:00 [DBG] GetAll arena videos: page=1, size=10
2026-03-20 22:35:12.704 +02:00 [DBG] ← GET /api/auth/me → 401 (142ms)
2026-03-20 22:35:12.724 +02:00 [DBG] → POST /api/auth/refresh
2026-03-20 22:35:12.749 +02:00 [DBG] Refresh token
2026-03-20 22:35:12.753 +02:00 [DBG] ← POST /api/auth/refresh → 401 (29ms)
2026-03-20 22:35:13.557 +02:00 [DBG] ← GET /api/arenavideos → 200 (1000ms)
2026-03-20 23:02:43.497 +02:00 [WRN] Failed to initialize the in-memory database on startup.
System.InvalidOperationException: An exception has been raised that is likely due to a transient failure. Consider enabling transient error resiliency by adding 'EnableRetryOnFailure' to the 'UseSqlServer' call.
 ---> Microsoft.Data.SqlClient.SqlException (0x80131904): A connection was successfully established with the server, but then an error occurred during the pre-login handshake. (provider: TCP Provider, error: 0 - An existing connection was forcibly closed by the remote host.)
 ---> System.ComponentModel.Win32Exception (10054): An existing connection was forcibly closed by the remote host.
   at Microsoft.Data.SqlClient.SqlInternalConnection.OnError(SqlException exception, Boolean breakConnection, Action`1 wrapCloseInAction)
   at Microsoft.Data.SqlClient.TdsParser.ThrowExceptionAndWarning(TdsParserStateObject stateObj, Boolean callerHasConnectionLock, Boolean asyncClose)
   at Microsoft.Data.SqlClient.TdsParserStateObject.ThrowExceptionAndWarning(Boolean callerHasConnectionLock, Boolean asyncClose)
   at Microsoft.Data.SqlClient.TdsParserStateObject.ReadSniError(TdsParserStateObject stateObj, UInt32 error)
   at Microsoft.Data.SqlClient.TdsParserStateObject.ReadSniSyncOverAsync()
   at Microsoft.Data.SqlClient.TdsParserStateObject.TryReadNetworkPacket()
   at Microsoft.Data.SqlClient.TdsParser.ConsumePreLoginHandshake(Boolean encrypt, Boolean trustServerCert, Boolean integratedSecurity, Boolean& marsCapable, Boolean& fedAuthRequired)
   at Microsoft.Data.SqlClient.TdsParser.Connect(ServerInfo serverInfo, SqlInternalConnectionTds connHandler, Boolean ignoreSniOpenTimeout, Int64 timerExpire, Boolean encrypt, Boolean trustServerCert, Boolean integratedSecurity, Boolean withFailover, SqlAuthenticationMethod authType)
   at Microsoft.Data.SqlClient.SqlInternalConnectionTds.AttemptOneLogin(ServerInfo serverInfo, String newPassword, SecureString newSecurePassword, Boolean ignoreSniOpenTimeout, TimeoutTimer timeout, Boolean withFailover)
   at Microsoft.Data.SqlClient.SqlInternalConnectionTds.LoginNoFailover(ServerInfo serverInfo, String newPassword, SecureString newSecurePassword, Boolean redirectedUserInstance, SqlConnectionString connectionOptions, SqlCredential credential, TimeoutTimer timeout)
   at Microsoft.Data.SqlClient.SqlInternalConnectionTds.OpenLoginEnlist(TimeoutTimer timeout, SqlConnectionString connectionOptions, SqlCredential credential, String newPassword, SecureString newSecurePassword, Boolean redirectedUserInstance)
   at Microsoft.Data.SqlClient.SqlInternalConnectionTds..ctor(DbConnectionPoolIdentity identity, SqlConnectionString connectionOptions, SqlCredential credential, Object providerInfo, String newPassword, SecureString newSecurePassword, Boolean redirectedUserInstance, SqlConnectionString userConnectionOptions, SessionData reconnectSessionData, Boolean applyTransientFaultHandling, String accessToken, DbConnectionPool pool)
   at Microsoft.Data.SqlClient.SqlConnectionFactory.CreateConnection(DbConnectionOptions options, DbConnectionPoolKey poolKey, Object poolGroupProviderInfo, DbConnectionPool pool, DbConnection owningConnection, DbConnectionOptions userOptions)
   at Microsoft.Data.ProviderBase.DbConnectionFactory.CreatePooledConnection(DbConnectionPool pool, DbConnection owningObject, DbConnectionOptions options, DbConnectionPoolKey poolKey, DbConnectionOptions userOptions)
   at Microsoft.Data.ProviderBase.DbConnectionPool.CreateObject(DbConnection owningObject, DbConnectionOptions userOptions, DbConnectionInternal oldConnection)
   at Microsoft.Data.ProviderBase.DbConnectionPool.UserCreateRequest(DbConnection owningObject, DbConnectionOptions userOptions, DbConnectionInternal oldConnection)
   at Microsoft.Data.ProviderBase.DbConnectionPool.TryGetConnection(DbConnection owningObject, UInt32 waitForMultipleObjectsTimeout, Boolean allowCreate, Boolean onlyOneCheckConnection, DbConnectionOptions userOptions, DbConnectionInternal& connection)
   at Microsoft.Data.ProviderBase.DbConnectionPool.TryGetConnection(DbConnection owningObject, TaskCompletionSource`1 retry, DbConnectionOptions userOptions, DbConnectionInternal& connection)
   at Microsoft.Data.ProviderBase.DbConnectionFactory.TryGetConnection(DbConnection owningConnection, TaskCompletionSource`1 retry, DbConnectionOptions userOptions, DbConnectionInternal oldConnection, DbConnectionInternal& connection)
   at Microsoft.Data.ProviderBase.DbConnectionInternal.TryOpenConnectionInternal(DbConnection outerConnection, DbConnectionFactory connectionFactory, TaskCompletionSource`1 retry, DbConnectionOptions userOptions)
   at Microsoft.Data.ProviderBase.DbConnectionClosed.TryOpenConnection(DbConnection outerConnection, DbConnectionFactory connectionFactory, TaskCompletionSource`1 retry, DbConnectionOptions userOptions)
   at Microsoft.Data.SqlClient.SqlConnection.TryOpen(TaskCompletionSource`1 retry, SqlConnectionOverrides overrides)
   at Microsoft.Data.SqlClient.SqlConnection.Open(SqlConnectionOverrides overrides)
   at Microsoft.EntityFrameworkCore.SqlServer.Storage.Internal.SqlServerConnection.OpenDbConnection(Boolean errorsExpected)
   at Microsoft.EntityFrameworkCore.Storage.RelationalConnection.OpenInternal(Boolean errorsExpected)
   at Microsoft.EntityFrameworkCore.Storage.RelationalConnection.Open(Boolean errorsExpected)
   at Microsoft.EntityFrameworkCore.SqlServer.Storage.Internal.SqlServerDatabaseCreator.<>c__DisplayClass18_0.<Exists>b__0(DateTime giveUp)
   at Microsoft.EntityFrameworkCore.ExecutionStrategyExtensions.<>c__DisplayClass12_0`2.<Execute>b__0(DbContext c, TState s)
   at Microsoft.EntityFrameworkCore.SqlServer.Storage.Internal.SqlServerExecutionStrategy.Execute[TState,TResult](TState state, Func`3 operation, Func`3 verifySucceeded)
ClientConnectionId:c2184d3e-4870-458e-99f8-1bc91b07df51
Error Number:10054,State:0,Class:20
   --- End of inner exception stack trace ---
   at Microsoft.EntityFrameworkCore.SqlServer.Storage.Internal.SqlServerExecutionStrategy.Execute[TState,TResult](TState state, Func`3 operation, Func`3 verifySucceeded)
   at Microsoft.EntityFrameworkCore.ExecutionStrategyExtensions.Execute[TState,TResult](IExecutionStrategy strategy, TState state, Func`2 operation, Func`2 verifySucceeded)
   at Microsoft.EntityFrameworkCore.SqlServer.Storage.Internal.SqlServerDatabaseCreator.Exists(Boolean retryOnNotExists)
   at Microsoft.EntityFrameworkCore.SqlServer.Storage.Internal.SqlServerDatabaseCreator.Exists()
   at Microsoft.EntityFrameworkCore.Storage.RelationalDatabaseCreator.EnsureDeleted()
   at Microsoft.EntityFrameworkCore.Infrastructure.DatabaseFacade.EnsureDeleted()
   at Program.<Main>$(String[] args) in d:\ATD\Downloads\logi\backend\src\LogiKnow.API\Program.cs:line 156
2026-03-20 23:02:44.224 +02:00 [ERR] An error occurred using the connection to database 'LogiKnowDb' on server 'localhost,1433'.
2026-03-20 23:02:44.261 +02:00 [ERR] An exception occurred while iterating over the results of a query for context type 'LogiKnow.Infrastructure.Persistence.AppDbContext'.
System.InvalidOperationException: An exception has been raised that is likely due to a transient failure. Consider enabling transient error resiliency by adding 'EnableRetryOnFailure' to the 'UseSqlServer' call.
 ---> Microsoft.Data.SqlClient.SqlException (0x80131904): A connection was successfully established with the server, but then an error occurred during the pre-login handshake. (provider: TCP Provider, error: 0 - An existing connection was forcibly closed by the remote host.)
 ---> System.ComponentModel.Win32Exception (10054): An existing connection was forcibly closed by the remote host.
   at Microsoft.Data.ProviderBase.DbConnectionPool.TryGetConnection(DbConnection owningObject, UInt32 waitForMultipleObjectsTimeout, Boolean allowCreate, Boolean onlyOneCheckConnection, DbConnectionOptions userOptions, DbConnectionInternal& connection)
   at Microsoft.Data.ProviderBase.DbConnectionPool.TryGetConnection(DbConnection owningObject, TaskCompletionSource`1 retry, DbConnectionOptions userOptions, DbConnectionInternal& connection)
   at Microsoft.Data.ProviderBase.DbConnectionFactory.TryGetConnection(DbConnection owningConnection, TaskCompletionSource`1 retry, DbConnectionOptions userOptions, DbConnectionInternal oldConnection, DbConnectionInternal& connection)
   at Microsoft.Data.ProviderBase.DbConnectionInternal.TryOpenConnectionInternal(DbConnection outerConnection, DbConnectionFactory connectionFactory, TaskCompletionSource`1 retry, DbConnectionOptions userOptions)
   at Microsoft.Data.ProviderBase.DbConnectionClosed.TryOpenConnection(DbConnection outerConnection, DbConnectionFactory connectionFactory, TaskCompletionSource`1 retry, DbConnectionOptions userOptions)
   at Microsoft.Data.SqlClient.SqlConnection.TryOpen(TaskCompletionSource`1 retry, SqlConnectionOverrides overrides)
   at Microsoft.Data.SqlClient.SqlConnection.OpenAsync(CancellationToken cancellationToken)
--- End of stack trace from previous location ---
   at Microsoft.EntityFrameworkCore.Storage.RelationalConnection.OpenInternalAsync(Boolean errorsExpected, CancellationToken cancellationToken)
   at Microsoft.EntityFrameworkCore.Storage.RelationalConnection.OpenInternalAsync(Boolean errorsExpected, CancellationToken cancellationToken)
   at Microsoft.EntityFrameworkCore.Storage.RelationalConnection.OpenAsync(CancellationToken cancellationToken, Boolean errorsExpected)
   at Microsoft.EntityFrameworkCore.Storage.RelationalCommand.ExecuteReaderAsync(RelationalCommandParameterObject parameterObject, CancellationToken cancellationToken)
   at Microsoft.EntityFrameworkCore.Query.Internal.SingleQueryingEnumerable`1.AsyncEnumerator.InitializeReaderAsync(AsyncEnumerator enumerator, CancellationToken cancellationToken)
   at Microsoft.EntityFrameworkCore.SqlServer.Storage.Internal.SqlServerExecutionStrategy.ExecuteAsync[TState,TResult](TState state, Func`4 operation, Func`4 verifySucceeded, CancellationToken cancellationToken)
ClientConnectionId:c2184d3e-4870-458e-99f8-1bc91b07df51
Error Number:10054,State:0,Class:20
   --- End of inner exception stack trace ---
   at Microsoft.EntityFrameworkCore.SqlServer.Storage.Internal.SqlServerExecutionStrategy.ExecuteAsync[TState,TResult](TState state, Func`4 operation, Func`4 verifySucceeded, CancellationToken cancellationToken)
   at Microsoft.EntityFrameworkCore.Query.Internal.SingleQueryingEnumerable`1.AsyncEnumerator.MoveNextAsync()
System.InvalidOperationException: An exception has been raised that is likely due to a transient failure. Consider enabling transient error resiliency by adding 'EnableRetryOnFailure' to the 'UseSqlServer' call.
 ---> Microsoft.Data.SqlClient.SqlException (0x80131904): A connection was successfully established with the server, but then an error occurred during the pre-login handshake. (provider: TCP Provider, error: 0 - An existing connection was forcibly closed by the remote host.)
 ---> System.ComponentModel.Win32Exception (10054): An existing connection was forcibly closed by the remote host.
   at Microsoft.Data.ProviderBase.DbConnectionPool.TryGetConnection(DbConnection owningObject, UInt32 waitForMultipleObjectsTimeout, Boolean allowCreate, Boolean onlyOneCheckConnection, DbConnectionOptions userOptions, DbConnectionInternal& connection)
   at Microsoft.Data.ProviderBase.DbConnectionPool.TryGetConnection(DbConnection owningObject, TaskCompletionSource`1 retry, DbConnectionOptions userOptions, DbConnectionInternal& connection)
   at Microsoft.Data.ProviderBase.DbConnectionFactory.TryGetConnection(DbConnection owningConnection, TaskCompletionSource`1 retry, DbConnectionOptions userOptions, DbConnectionInternal oldConnection, DbConnectionInternal& connection)
   at Microsoft.Data.ProviderBase.DbConnectionInternal.TryOpenConnectionInternal(DbConnection outerConnection, DbConnectionFactory connectionFactory, TaskCompletionSource`1 retry, DbConnectionOptions userOptions)
   at Microsoft.Data.ProviderBase.DbConnectionClosed.TryOpenConnection(DbConnection outerConnection, DbConnectionFactory connectionFactory, TaskCompletionSource`1 retry, DbConnectionOptions userOptions)
   at Microsoft.Data.SqlClient.SqlConnection.TryOpen(TaskCompletionSource`1 retry, SqlConnectionOverrides overrides)
   at Microsoft.Data.SqlClient.SqlConnection.OpenAsync(CancellationToken cancellationToken)
--- End of stack trace from previous location ---
   at Microsoft.EntityFrameworkCore.Storage.RelationalConnection.OpenInternalAsync(Boolean errorsExpected, CancellationToken cancellationToken)
   at Microsoft.EntityFrameworkCore.Storage.RelationalConnection.OpenInternalAsync(Boolean errorsExpected, CancellationToken cancellationToken)
   at Microsoft.EntityFrameworkCore.Storage.RelationalConnection.OpenAsync(CancellationToken cancellationToken, Boolean errorsExpected)
   at Microsoft.EntityFrameworkCore.Storage.RelationalCommand.ExecuteReaderAsync(RelationalCommandParameterObject parameterObject, CancellationToken cancellationToken)
   at Microsoft.EntityFrameworkCore.Query.Internal.SingleQueryingEnumerable`1.AsyncEnumerator.InitializeReaderAsync(AsyncEnumerator enumerator, CancellationToken cancellationToken)
   at Microsoft.EntityFrameworkCore.SqlServer.Storage.Internal.SqlServerExecutionStrategy.ExecuteAsync[TState,TResult](TState state, Func`4 operation, Func`4 verifySucceeded, CancellationToken cancellationToken)
ClientConnectionId:c2184d3e-4870-458e-99f8-1bc91b07df51
Error Number:10054,State:0,Class:20
   --- End of inner exception stack trace ---
   at Microsoft.EntityFrameworkCore.SqlServer.Storage.Internal.SqlServerExecutionStrategy.ExecuteAsync[TState,TResult](TState state, Func`4 operation, Func`4 verifySucceeded, CancellationToken cancellationToken)
   at Microsoft.EntityFrameworkCore.Query.Internal.SingleQueryingEnumerable`1.AsyncEnumerator.MoveNextAsync()
2026-03-20 23:11:10.655 +02:00 [INF] MANARA API starting on 
2026-03-20 23:13:11.687 +02:00 [DBG] → GET /api/auth/me
2026-03-20 23:13:11.687 +02:00 [DBG] → GET /api/arenavideos
2026-03-20 23:13:17.548 +02:00 [DBG] ← GET /api/auth/me → 401 (5875ms)
2026-03-20 23:13:17.608 +02:00 [DBG] → POST /api/auth/refresh
2026-03-20 23:13:17.662 +02:00 [DBG] GetAll arena videos: page=1, size=10
2026-03-20 23:13:17.665 +02:00 [DBG] Refresh token
2026-03-20 23:13:17.688 +02:00 [DBG] ← POST /api/auth/refresh → 401 (79ms)
2026-03-20 23:13:18.002 +02:00 [DBG] ← GET /api/arenavideos → 200 (6329ms)
2026-03-20 23:28:12.606 +02:00 [DBG] → GET /api/books
2026-03-20 23:28:12.704 +02:00 [DBG] GetAll books: lang=null, category=null
2026-03-20 23:28:13.229 +02:00 [DBG] ← GET /api/books → 200 (626ms)
2026-03-20 23:28:13.231 +02:00 [DBG] → GET /api/books
2026-03-20 23:28:13.233 +02:00 [DBG] GetAll books: lang=null, category=null
2026-03-20 23:28:13.241 +02:00 [DBG] ← GET /api/books → 200 (10ms)
2026-03-20 23:28:30.643 +02:00 [DBG] → GET /api/arenavideos
2026-03-20 23:28:30.643 +02:00 [DBG] → GET /api/auth/me
2026-03-20 23:28:30.647 +02:00 [DBG] GetAll arena videos: page=1, size=10
2026-03-20 23:28:30.653 +02:00 [DBG] ← GET /api/auth/me → 401 (10ms)
2026-03-20 23:28:30.677 +02:00 [DBG] → POST /api/auth/refresh
2026-03-20 23:28:30.683 +02:00 [DBG] ← GET /api/arenavideos → 200 (40ms)
2026-03-20 23:28:30.698 +02:00 [DBG] Refresh token
2026-03-20 23:28:30.699 +02:00 [DBG] ← POST /api/auth/refresh → 401 (21ms)
2026-03-20 23:28:33.571 +02:00 [DBG] → GET /api/books
2026-03-20 23:28:33.576 +02:00 [DBG] GetAll books: lang=null, category=null
2026-03-20 23:28:33.589 +02:00 [DBG] ← GET /api/books → 200 (18ms)
2026-03-20 23:28:33.591 +02:00 [DBG] → GET /api/books
2026-03-20 23:28:33.592 +02:00 [DBG] GetAll books: lang=null, category=null
2026-03-20 23:28:33.599 +02:00 [DBG] ← GET /api/books → 200 (7ms)
2026-03-20 23:28:36.758 +02:00 [DBG] → GET /api/books
2026-03-20 23:28:36.761 +02:00 [DBG] GetAll books: lang=null, category=null
2026-03-20 23:28:36.767 +02:00 [DBG] ← GET /api/books → 200 (9ms)
2026-03-20 23:28:36.768 +02:00 [DBG] → GET /api/books
2026-03-20 23:28:36.768 +02:00 [DBG] GetAll books: lang=null, category=null
2026-03-20 23:28:36.774 +02:00 [DBG] ← GET /api/books → 200 (5ms)
2026-03-20 23:28:51.765 +02:00 [DBG] → GET /api/academic
2026-03-20 23:28:51.776 +02:00 [DBG] GetAll academic entries: type=null, tag=null, year=null
2026-03-20 23:28:51.809 +02:00 [DBG] → GET /api/academic
2026-03-20 23:28:51.810 +02:00 [DBG] GetAll academic entries: type=null, tag=null, year=null
2026-03-20 23:28:52.054 +02:00 [DBG] ← GET /api/academic → 200 (288ms)
2026-03-20 23:28:52.054 +02:00 [DBG] ← GET /api/academic → 200 (244ms)
2026-03-20 23:29:05.948 +02:00 [DBG] → GET /api/academic
2026-03-20 23:29:05.954 +02:00 [DBG] GetAll academic entries: type=null, tag=null, year=null
2026-03-20 23:29:06.067 +02:00 [DBG] ← GET /api/academic → 200 (118ms)
2026-03-20 23:29:08.391 +02:00 [DBG] → GET /api/books
2026-03-20 23:29:08.393 +02:00 [DBG] GetAll books: lang=null, category=null
2026-03-20 23:29:08.650 +02:00 [DBG] ← GET /api/books → 200 (259ms)
2026-03-20 23:29:08.676 +02:00 [DBG] → GET /api/books
2026-03-20 23:29:08.681 +02:00 [DBG] GetAll books: lang=null, category=null
2026-03-20 23:29:08.869 +02:00 [DBG] ← GET /api/books → 200 (192ms)
2026-03-20 23:29:23.440 +02:00 [DBG] → GET /api/arenavideos
2026-03-20 23:29:23.443 +02:00 [DBG] GetAll arena videos: page=1, size=10
2026-03-20 23:29:23.677 +02:00 [DBG] ← GET /api/arenavideos → 200 (236ms)
2026-03-20 23:29:23.732 +02:00 [DBG] → GET /api/arenavideos
2026-03-20 23:29:23.736 +02:00 [DBG] GetAll arena videos: page=1, size=10
2026-03-20 23:29:24.596 +02:00 [DBG] ← GET /api/arenavideos → 200 (863ms)
2026-03-20 23:29:51.342 +02:00 [DBG] → GET /api/arenavideos
2026-03-20 23:29:51.343 +02:00 [DBG] GetAll arena videos: page=1, size=10
2026-03-20 23:29:51.354 +02:00 [DBG] ← GET /api/arenavideos → 200 (11ms)
2026-03-20 23:29:51.355 +02:00 [DBG] → GET /api/arenavideos
2026-03-20 23:29:51.356 +02:00 [DBG] GetAll arena videos: page=1, size=10
2026-03-20 23:29:51.364 +02:00 [DBG] ← GET /api/arenavideos → 200 (8ms)
2026-03-20 23:33:32.198 +02:00 [DBG] → GET /api/books
2026-03-20 23:33:32.199 +02:00 [DBG] GetAll books: lang=null, category=null
2026-03-20 23:33:32.262 +02:00 [DBG] ← GET /api/books → 200 (63ms)
2026-03-20 23:33:32.263 +02:00 [DBG] → GET /api/books
2026-03-20 23:33:32.264 +02:00 [DBG] GetAll books: lang=null, category=null
2026-03-20 23:33:32.285 +02:00 [DBG] ← GET /api/books → 200 (21ms)
2026-03-20 23:33:33.643 +02:00 [DBG] → GET /api/academic
2026-03-20 23:33:33.643 +02:00 [DBG] GetAll academic entries: type=null, tag=null, year=null
2026-03-20 23:33:33.650 +02:00 [DBG] ← GET /api/academic → 200 (6ms)
2026-03-20 23:33:40.149 +02:00 [DBG] → GET /api/academic
2026-03-20 23:33:40.150 +02:00 [DBG] GetAll academic entries: type=null, tag=null, year=null
2026-03-20 23:33:40.157 +02:00 [DBG] ← GET /api/academic → 200 (7ms)
2026-03-20 23:33:41.893 +02:00 [DBG] → GET /api/books
2026-03-20 23:33:41.894 +02:00 [DBG] GetAll books: lang=null, category=null
2026-03-20 23:33:41.899 +02:00 [DBG] ← GET /api/books → 200 (6ms)
2026-03-20 23:33:41.902 +02:00 [DBG] → GET /api/books
2026-03-20 23:33:41.902 +02:00 [DBG] GetAll books: lang=null, category=null
2026-03-20 23:33:41.912 +02:00 [DBG] ← GET /api/books → 200 (9ms)
2026-03-20 23:33:43.850 +02:00 [DBG] → GET /api/arenavideos
2026-03-20 23:33:43.851 +02:00 [DBG] GetAll arena videos: page=1, size=10
2026-03-20 23:33:43.875 +02:00 [DBG] ← GET /api/arenavideos → 200 (24ms)
2026-03-20 23:33:43.880 +02:00 [DBG] → GET /api/arenavideos
2026-03-20 23:33:43.883 +02:00 [DBG] GetAll arena videos: page=1, size=10
2026-03-20 23:33:44.192 +02:00 [DBG] ← GET /api/arenavideos → 200 (311ms)
2026-03-20 23:33:45.081 +02:00 [DBG] → GET /api/auth/me
2026-03-20 23:33:45.102 +02:00 [DBG] ← GET /api/auth/me → 401 (20ms)
2026-03-20 23:33:45.334 +02:00 [DBG] → POST /api/auth/refresh
2026-03-20 23:33:45.395 +02:00 [DBG] Refresh token
2026-03-20 23:33:45.396 +02:00 [DBG] ← POST /api/auth/refresh → 401 (61ms)
2026-03-20 23:33:46.383 +02:00 [DBG] → GET /api/arenavideos
2026-03-20 23:33:46.384 +02:00 [DBG] GetAll arena videos: page=1, size=10
2026-03-20 23:33:46.819 +02:00 [DBG] ← GET /api/arenavideos → 200 (436ms)
2026-03-20 23:35:39.286 +02:00 [DBG] → GET /api/books
2026-03-20 23:35:39.290 +02:00 [DBG] GetAll books: lang=null, category=null
2026-03-20 23:35:39.302 +02:00 [DBG] ← GET /api/books → 200 (16ms)
2026-03-20 23:35:39.304 +02:00 [DBG] → GET /api/books
2026-03-20 23:35:39.305 +02:00 [DBG] GetAll books: lang=null, category=null
2026-03-20 23:35:39.312 +02:00 [DBG] ← GET /api/books → 200 (8ms)
2026-03-20 23:35:40.709 +02:00 [DBG] → GET /api/academic
2026-03-20 23:35:40.709 +02:00 [DBG] GetAll academic entries: type=null, tag=null, year=null
2026-03-20 23:35:40.716 +02:00 [DBG] ← GET /api/academic → 200 (7ms)
2026-03-20 23:35:48.873 +02:00 [DBG] → GET /api/academic
2026-03-20 23:35:48.873 +02:00 [DBG] GetAll academic entries: type=null, tag=null, year=null
2026-03-20 23:35:48.879 +02:00 [DBG] ← GET /api/academic → 200 (6ms)
2026-03-20 23:35:50.744 +02:00 [DBG] → GET /api/books
2026-03-20 23:35:50.746 +02:00 [DBG] GetAll books: lang=null, category=null
2026-03-20 23:35:50.754 +02:00 [DBG] ← GET /api/books → 200 (9ms)
2026-03-20 23:35:50.755 +02:00 [DBG] → GET /api/books
2026-03-20 23:35:50.756 +02:00 [DBG] GetAll books: lang=null, category=null
2026-03-20 23:35:50.765 +02:00 [DBG] ← GET /api/books → 200 (10ms)
2026-03-20 23:35:52.263 +02:00 [DBG] → GET /api/arenavideos
2026-03-20 23:35:52.263 +02:00 [DBG] GetAll arena videos: page=1, size=10
2026-03-20 23:35:52.270 +02:00 [DBG] ← GET /api/arenavideos → 200 (7ms)
2026-03-20 23:35:52.287 +02:00 [DBG] → GET /api/arenavideos
2026-03-20 23:35:52.288 +02:00 [DBG] GetAll arena videos: page=1, size=10
2026-03-20 23:35:52.331 +02:00 [DBG] ← GET /api/arenavideos → 200 (44ms)
2026-03-20 23:36:36.607 +02:00 [DBG] → GET /api/books
2026-03-20 23:36:36.610 +02:00 [DBG] GetAll books: lang=null, category=null
2026-03-20 23:36:36.691 +02:00 [DBG] ← GET /api/books → 200 (83ms)
2026-03-20 23:36:36.735 +02:00 [DBG] → GET /api/books
2026-03-20 23:36:36.736 +02:00 [DBG] GetAll books: lang=null, category=null
2026-03-20 23:36:36.765 +02:00 [DBG] ← GET /api/books → 200 (29ms)
2026-03-20 23:36:39.322 +02:00 [DBG] → GET /api/books
2026-03-20 23:36:39.323 +02:00 [DBG] GetAll books: lang=null, category=null
2026-03-20 23:36:39.390 +02:00 [DBG] ← GET /api/books → 200 (68ms)
2026-03-20 23:36:39.534 +02:00 [DBG] → GET /api/books
2026-03-20 23:36:39.535 +02:00 [DBG] GetAll books: lang=null, category=null
2026-03-20 23:36:39.559 +02:00 [DBG] ← GET /api/books → 200 (25ms)
2026-03-20 23:36:58.644 +02:00 [DBG] → GET /api/search/quotes
2026-03-20 23:36:58.726 +02:00 [DBG] Quote search: q=الامداد, bookId="44444444-4444-4444-4444-444444444444"
2026-03-20 23:36:58.747 +02:00 [DBG] ← GET /api/search/quotes → 200 (102ms)
2026-03-20 23:37:00.227 +02:00 [DBG] → GET /api/search/quotes
2026-03-20 23:37:00.228 +02:00 [DBG] Quote search: q=الامداد, bookId="44444444-4444-4444-4444-444444444444"
2026-03-20 23:37:00.228 +02:00 [DBG] ← GET /api/search/quotes → 200 (0ms)
2026-03-20 23:37:18.492 +02:00 [DBG] → GET /api/search/quotes
2026-03-20 23:37:18.494 +02:00 [DBG] Quote search: q=manag, bookId="44444444-4444-4444-4444-444444444444"
2026-03-20 23:37:18.494 +02:00 [DBG] ← GET /api/search/quotes → 200 (2ms)
2026-03-20 23:37:19.317 +02:00 [DBG] → GET /api/search/quotes
2026-03-20 23:37:19.318 +02:00 [DBG] Quote search: q=manag, bookId="44444444-4444-4444-4444-444444444444"
2026-03-20 23:37:19.318 +02:00 [DBG] ← GET /api/search/quotes → 200 (0ms)
2026-03-20 23:39:50.778 +02:00 [DBG] → GET /api/search/quotes
2026-03-20 23:39:50.779 +02:00 [DBG] Quote search: q=log, bookId="33333333-3333-3333-3333-333333333333"
2026-03-20 23:39:50.779 +02:00 [DBG] ← GET /api/search/quotes → 200 (0ms)
2026-03-20 23:39:51.478 +02:00 [DBG] → GET /api/search/quotes
2026-03-20 23:39:51.478 +02:00 [DBG] Quote search: q=log, bookId="33333333-3333-3333-3333-333333333333"
2026-03-20 23:39:51.479 +02:00 [DBG] ← GET /api/search/quotes → 200 (0ms)
2026-03-20 23:39:51.686 +02:00 [DBG] → GET /api/search/quotes
2026-03-20 23:39:51.687 +02:00 [DBG] Quote search: q=log, bookId="33333333-3333-3333-3333-333333333333"
2026-03-20 23:39:51.687 +02:00 [DBG] ← GET /api/search/quotes → 200 (0ms)
2026-03-20 23:39:51.915 +02:00 [DBG] → GET /api/search/quotes
2026-03-20 23:39:51.916 +02:00 [DBG] Quote search: q=log, bookId="33333333-3333-3333-3333-333333333333"
2026-03-20 23:39:51.917 +02:00 [DBG] ← GET /api/search/quotes → 200 (2ms)
2026-03-20 23:40:31.844 +02:00 [DBG] → GET /api/books
2026-03-20 23:40:31.844 +02:00 [DBG] GetAll books: lang=null, category=null
2026-03-20 23:40:32.087 +02:00 [DBG] ← GET /api/books → 200 (242ms)
2026-03-20 23:40:32.088 +02:00 [DBG] → GET /api/books
2026-03-20 23:40:32.089 +02:00 [DBG] GetAll books: lang=null, category=null
2026-03-20 23:40:32.104 +02:00 [DBG] ← GET /api/books → 200 (16ms)
2026-03-20 23:40:36.910 +02:00 [DBG] → GET /api/books
2026-03-20 23:40:36.912 +02:00 [DBG] GetAll books: lang=null, category=null
2026-03-20 23:40:36.919 +02:00 [DBG] ← GET /api/books → 200 (8ms)
2026-03-20 23:40:36.920 +02:00 [DBG] → GET /api/books
2026-03-20 23:40:36.920 +02:00 [DBG] GetAll books: lang=null, category=null
2026-03-20 23:40:36.931 +02:00 [DBG] ← GET /api/books → 200 (11ms)
2026-03-20 23:40:42.865 +02:00 [DBG] → GET /api/books
2026-03-20 23:40:42.865 +02:00 [DBG] GetAll books: lang=null, category=null
2026-03-20 23:40:42.870 +02:00 [DBG] → GET /api/auth/me
2026-03-20 23:40:42.871 +02:00 [DBG] ← GET /api/auth/me → 401 (0ms)
2026-03-20 23:40:42.878 +02:00 [DBG] ← GET /api/books → 200 (12ms)
2026-03-20 23:40:42.887 +02:00 [DBG] → POST /api/auth/refresh
2026-03-20 23:40:42.888 +02:00 [DBG] Refresh token
2026-03-20 23:40:42.889 +02:00 [DBG] ← POST /api/auth/refresh → 401 (2ms)
2026-03-20 23:41:14.125 +02:00 [DBG] → GET /api/arenavideos
2026-03-20 23:41:14.127 +02:00 [DBG] GetAll arena videos: page=1, size=10
2026-03-20 23:41:14.140 +02:00 [DBG] ← GET /api/arenavideos → 200 (14ms)
2026-03-20 23:41:14.155 +02:00 [DBG] → GET /api/arenavideos
2026-03-20 23:41:14.203 +02:00 [DBG] GetAll arena videos: page=1, size=10
2026-03-20 23:41:14.263 +02:00 [DBG] ← GET /api/arenavideos → 200 (108ms)
2026-03-20 23:41:18.217 +02:00 [DBG] → GET /api/books
2026-03-20 23:41:18.217 +02:00 [DBG] GetAll books: lang=null, category=null
2026-03-20 23:41:18.228 +02:00 [DBG] ← GET /api/books → 200 (11ms)
2026-03-20 23:41:18.231 +02:00 [DBG] → GET /api/books
2026-03-20 23:41:18.233 +02:00 [DBG] GetAll books: lang=null, category=null
2026-03-20 23:41:18.240 +02:00 [DBG] ← GET /api/books → 200 (8ms)
2026-03-20 23:41:19.264 +02:00 [DBG] → GET /api/academic
2026-03-20 23:41:19.265 +02:00 [DBG] GetAll academic entries: type=null, tag=null, year=null
2026-03-20 23:41:19.272 +02:00 [DBG] ← GET /api/academic → 200 (7ms)
2026-03-20 23:41:31.705 +02:00 [DBG] → GET /api/arenavideos
2026-03-20 23:41:31.706 +02:00 [DBG] GetAll arena videos: page=1, size=10
2026-03-20 23:41:31.714 +02:00 [DBG] ← GET /api/arenavideos → 200 (8ms)
2026-03-20 23:41:31.716 +02:00 [DBG] → GET /api/arenavideos
2026-03-20 23:41:31.718 +02:00 [DBG] GetAll arena videos: page=1, size=10
2026-03-20 23:41:31.724 +02:00 [DBG] ← GET /api/arenavideos → 200 (7ms)
2026-03-20 23:44:19.881 +02:00 [DBG] → GET /api/academic
2026-03-20 23:44:19.881 +02:00 [DBG] GetAll academic entries: type=null, tag=null, year=null
2026-03-20 23:44:19.889 +02:00 [DBG] ← GET /api/academic → 200 (8ms)
2026-03-20 23:44:49.662 +02:00 [DBG] → GET /api/books
2026-03-20 23:44:49.662 +02:00 [DBG] GetAll books: lang=null, category=null
2026-03-20 23:44:49.670 +02:00 [DBG] ← GET /api/books → 200 (8ms)
2026-03-20 23:44:49.671 +02:00 [DBG] → GET /api/books
2026-03-20 23:44:49.672 +02:00 [DBG] GetAll books: lang=null, category=null
2026-03-20 23:44:49.681 +02:00 [DBG] ← GET /api/books → 200 (9ms)
2026-03-20 23:45:00.165 +02:00 [DBG] → GET /api/books
2026-03-20 23:45:00.165 +02:00 [DBG] GetAll books: lang=null, category=null
2026-03-20 23:45:00.186 +02:00 [DBG] ← GET /api/books → 200 (21ms)
2026-03-20 23:45:00.190 +02:00 [DBG] → GET /api/books
2026-03-20 23:45:00.190 +02:00 [DBG] GetAll books: lang=null, category=null
2026-03-20 23:45:00.202 +02:00 [DBG] ← GET /api/books → 200 (12ms)
2026-03-20 23:45:02.515 +02:00 [DBG] → GET /api/books
2026-03-20 23:45:02.516 +02:00 [DBG] GetAll books: lang=null, category=null
2026-03-20 23:45:02.535 +02:00 [DBG] ← GET /api/books → 200 (19ms)
2026-03-20 23:45:02.538 +02:00 [DBG] → GET /api/books
2026-03-20 23:45:02.539 +02:00 [DBG] GetAll books: lang=null, category=null
2026-03-20 23:45:02.550 +02:00 [DBG] ← GET /api/books → 200 (11ms)
2026-03-20 23:45:04.698 +02:00 [DBG] → GET /api/books
2026-03-20 23:45:04.699 +02:00 [DBG] GetAll books: lang=null, category=null
2026-03-20 23:45:04.706 +02:00 [DBG] ← GET /api/books → 200 (8ms)
2026-03-20 23:45:04.707 +02:00 [DBG] → GET /api/books
2026-03-20 23:45:04.708 +02:00 [DBG] GetAll books: lang=null, category=null
2026-03-20 23:45:04.714 +02:00 [DBG] ← GET /api/books → 200 (6ms)
2026-03-20 23:45:06.947 +02:00 [DBG] → GET /api/books
2026-03-20 23:45:06.948 +02:00 [DBG] GetAll books: lang=null, category=null
2026-03-20 23:45:06.953 +02:00 [DBG] ← GET /api/books → 200 (6ms)
2026-03-20 23:45:06.954 +02:00 [DBG] → GET /api/books
2026-03-20 23:45:06.955 +02:00 [DBG] GetAll books: lang=null, category=null
2026-03-20 23:45:06.962 +02:00 [DBG] ← GET /api/books → 200 (7ms)
2026-03-20 23:45:08.992 +02:00 [DBG] → GET /api/books
2026-03-20 23:45:08.993 +02:00 [DBG] GetAll books: lang=null, category=null
2026-03-20 23:45:08.999 +02:00 [DBG] ← GET /api/books → 200 (7ms)
2026-03-20 23:45:09.001 +02:00 [DBG] → GET /api/books
2026-03-20 23:45:09.002 +02:00 [DBG] GetAll books: lang=null, category=null
2026-03-20 23:45:09.018 +02:00 [DBG] ← GET /api/books → 200 (16ms)
2026-03-20 23:45:11.066 +02:00 [DBG] → GET /api/books
2026-03-20 23:45:11.066 +02:00 [DBG] GetAll books: lang=null, category=null
2026-03-20 23:45:11.072 +02:00 [DBG] ← GET /api/books → 200 (6ms)
2026-03-20 23:45:11.073 +02:00 [DBG] → GET /api/books
2026-03-20 23:45:11.073 +02:00 [DBG] GetAll books: lang=null, category=null
2026-03-20 23:45:11.079 +02:00 [DBG] ← GET /api/books → 200 (5ms)
2026-03-20 23:45:15.802 +02:00 [DBG] → GET /api/academic
2026-03-20 23:45:15.803 +02:00 [DBG] GetAll academic entries: type=null, tag=null, year=null
2026-03-20 23:45:15.809 +02:00 [DBG] ← GET /api/academic → 200 (7ms)
2026-03-20 23:45:16.554 +02:00 [DBG] → GET /api/auth/me
2026-03-20 23:45:16.555 +02:00 [DBG] ← GET /api/auth/me → 401 (1ms)
2026-03-20 23:45:16.601 +02:00 [DBG] → POST /api/auth/refresh
2026-03-20 23:45:16.604 +02:00 [DBG] Refresh token
2026-03-20 23:45:16.606 +02:00 [DBG] ← POST /api/auth/refresh → 401 (5ms)
2026-03-20 23:45:44.334 +02:00 [DBG] → GET /api/arenavideos
2026-03-20 23:45:44.386 +02:00 [DBG] GetAll arena videos: page=1, size=10
2026-03-20 23:45:44.838 +02:00 [DBG] ← GET /api/arenavideos → 200 (504ms)
2026-03-20 23:45:44.848 +02:00 [DBG] → GET /api/arenavideos
2026-03-20 23:45:44.853 +02:00 [DBG] GetAll arena videos: page=1, size=10
2026-03-20 23:45:45.091 +02:00 [DBG] ← GET /api/arenavideos → 200 (242ms)
2026-03-20 23:45:51.271 +02:00 [DBG] → GET /api/academic
2026-03-20 23:45:51.272 +02:00 [DBG] GetAll academic entries: type=null, tag=null, year=null
2026-03-20 23:45:51.318 +02:00 [DBG] ← GET /api/academic → 200 (47ms)
2026-03-20 23:46:10.186 +02:00 [DBG] → GET /api/academic
2026-03-20 23:46:10.187 +02:00 [DBG] GetAll academic entries: type=null, tag=null, year=null
2026-03-20 23:46:10.195 +02:00 [DBG] ← GET /api/academic → 200 (8ms)
2026-03-20 23:46:12.710 +02:00 [DBG] → GET /api/books
2026-03-20 23:46:12.711 +02:00 [DBG] GetAll books: lang=null, category=null
2026-03-20 23:46:12.719 +02:00 [DBG] ← GET /api/books → 200 (8ms)
2026-03-20 23:46:12.721 +02:00 [DBG] → GET /api/books
2026-03-20 23:46:12.722 +02:00 [DBG] GetAll books: lang=null, category=null
2026-03-20 23:46:12.730 +02:00 [DBG] ← GET /api/books → 200 (8ms)
2026-03-20 23:46:14.796 +02:00 [DBG] → GET /api/arenavideos
2026-03-20 23:46:14.797 +02:00 [DBG] GetAll arena videos: page=1, size=10
2026-03-20 23:46:14.804 +02:00 [DBG] ← GET /api/arenavideos → 200 (7ms)
2026-03-20 23:46:14.806 +02:00 [DBG] → GET /api/arenavideos
2026-03-20 23:46:14.808 +02:00 [DBG] GetAll arena videos: page=1, size=10
2026-03-20 23:46:14.816 +02:00 [DBG] ← GET /api/arenavideos → 200 (9ms)
2026-03-20 23:46:19.428 +02:00 [DBG] → GET /api/academic
2026-03-20 23:46:19.430 +02:00 [DBG] GetAll academic entries: type=null, tag=null, year=null
2026-03-20 23:46:19.443 +02:00 [DBG] ← GET /api/academic → 200 (14ms)
2026-03-20 23:46:22.293 +02:00 [DBG] → GET /api/arenavideos
2026-03-20 23:46:22.294 +02:00 [DBG] GetAll arena videos: page=1, size=10
2026-03-20 23:46:22.309 +02:00 [DBG] ← GET /api/arenavideos → 200 (15ms)
2026-03-20 23:46:22.310 +02:00 [DBG] → GET /api/arenavideos
2026-03-20 23:46:22.311 +02:00 [DBG] GetAll arena videos: page=1, size=10
2026-03-20 23:46:22.321 +02:00 [DBG] ← GET /api/arenavideos → 200 (10ms)
2026-03-20 23:47:17.722 +02:00 [DBG] → GET /api/auth/me
2026-03-20 23:47:17.724 +02:00 [DBG] ← GET /api/auth/me → 401 (1ms)
2026-03-20 23:47:17.850 +02:00 [DBG] → POST /api/auth/refresh
2026-03-20 23:47:17.851 +02:00 [DBG] Refresh token
2026-03-20 23:47:17.851 +02:00 [DBG] ← POST /api/auth/refresh → 401 (1ms)
2026-03-20 23:52:11.650 +02:00 [DBG] → OPTIONS /api/auth/login
2026-03-20 23:52:11.653 +02:00 [DBG] ← OPTIONS /api/auth/login → 204 (3ms)
2026-03-20 23:52:11.659 +02:00 [DBG] → POST /api/auth/login
2026-03-20 23:52:11.729 +02:00 [DBG] Login user: mh8093859@gmail.com
2026-03-20 23:52:11.986 +02:00 [DBG] ← POST /api/auth/login → 401 (327ms)
2026-03-20 23:52:53.959 +02:00 [DBG] → OPTIONS /api/auth/register
2026-03-20 23:52:53.959 +02:00 [DBG] ← OPTIONS /api/auth/register → 204 (0ms)
2026-03-20 23:52:53.961 +02:00 [DBG] → POST /api/auth/register
2026-03-20 23:52:53.972 +02:00 [DBG] Register user: mh8093859@gmail.com
2026-03-20 23:52:54.312 +02:00 [DBG] ← POST /api/auth/register → 200 (350ms)
2026-03-20 23:52:54.315 +02:00 [WRN] Email API key not configured. Skipping email to mh8093859@gmail.com
2026-03-20 23:52:54.315 +02:00 [DBG] → GET /api/auth/me
2026-03-20 23:52:54.461 +02:00 [DBG] ← GET /api/auth/me → 200 (146ms)
2026-03-20 23:52:54.788 +02:00 [DBG] → GET /api/arenavideos
2026-03-20 23:52:54.794 +02:00 [DBG] GetAll arena videos: page=1, size=10
2026-03-20 23:52:54.965 +02:00 [DBG] ← GET /api/arenavideos → 200 (176ms)
2026-03-20 23:52:54.972 +02:00 [DBG] → GET /api/arenavideos
2026-03-20 23:52:54.976 +02:00 [DBG] GetAll arena videos: page=1, size=10
2026-03-20 23:52:55.068 +02:00 [DBG] ← GET /api/arenavideos → 200 (95ms)
2026-03-20 23:53:30.751 +02:00 [DBG] → GET /api/academic
2026-03-20 23:53:30.751 +02:00 [DBG] GetAll academic entries: type=null, tag=null, year=null
2026-03-20 23:53:30.761 +02:00 [DBG] ← GET /api/academic → 200 (10ms)
2026-03-20 23:53:32.484 +02:00 [DBG] → GET /api/books
2026-03-20 23:53:32.486 +02:00 [DBG] GetAll books: lang=null, category=null
2026-03-20 23:53:32.503 +02:00 [DBG] ← GET /api/books → 200 (18ms)
2026-03-20 23:53:32.505 +02:00 [DBG] → GET /api/books
2026-03-20 23:53:32.515 +02:00 [DBG] GetAll books: lang=null, category=null
2026-03-20 23:53:32.527 +02:00 [DBG] ← GET /api/books → 200 (22ms)
2026-03-20 23:53:33.970 +02:00 [DBG] → GET /api/arenavideos
2026-03-20 23:53:33.973 +02:00 [DBG] GetAll arena videos: page=1, size=10
2026-03-20 23:53:33.982 +02:00 [DBG] ← GET /api/arenavideos → 200 (11ms)
2026-03-20 23:53:33.983 +02:00 [DBG] → GET /api/arenavideos
2026-03-20 23:53:34.001 +02:00 [DBG] GetAll arena videos: page=1, size=10
2026-03-20 23:53:34.043 +02:00 [DBG] ← GET /api/arenavideos → 200 (59ms)
2026-03-20 23:53:38.021 +02:00 [DBG] → GET /api/auth/me
2026-03-20 23:53:38.028 +02:00 [DBG] ← GET /api/auth/me → 401 (7ms)
2026-03-20 23:53:38.175 +02:00 [DBG] → POST /api/auth/refresh
2026-03-20 23:53:38.180 +02:00 [DBG] Refresh token
2026-03-20 23:53:38.181 +02:00 [DBG] ← POST /api/auth/refresh → 401 (6ms)
2026-03-20 23:53:46.278 +02:00 [DBG] → GET /api/books
2026-03-20 23:53:46.287 +02:00 [DBG] GetAll books: lang=null, category=null
2026-03-20 23:53:46.346 +02:00 [DBG] ← GET /api/books → 200 (68ms)
2026-03-20 23:53:46.371 +02:00 [DBG] → GET /api/books
2026-03-20 23:53:46.375 +02:00 [DBG] GetAll books: lang=null, category=null
2026-03-20 23:53:46.443 +02:00 [DBG] ← GET /api/books → 200 (71ms)
2026-03-20 23:53:47.720 +02:00 [DBG] → GET /api/academic
2026-03-20 23:53:47.721 +02:00 [DBG] GetAll academic entries: type=null, tag=null, year=null
2026-03-20 23:53:47.794 +02:00 [DBG] ← GET /api/academic → 200 (73ms)
2026-03-20 23:53:52.375 +02:00 [DBG] → GET /api/arenavideos
2026-03-20 23:53:52.376 +02:00 [DBG] GetAll arena videos: page=1, size=10
2026-03-20 23:53:52.546 +02:00 [DBG] ← GET /api/arenavideos → 200 (171ms)
2026-03-20 23:53:52.575 +02:00 [DBG] → GET /api/arenavideos
2026-03-20 23:53:52.578 +02:00 [DBG] GetAll arena videos: page=1, size=10
2026-03-20 23:53:53.229 +02:00 [DBG] ← GET /api/arenavideos → 200 (654ms)
2026-03-20 23:53:55.644 +02:00 [DBG] → GET /api/academic
2026-03-20 23:53:55.645 +02:00 [DBG] GetAll academic entries: type=null, tag=null, year=null
2026-03-20 23:53:55.810 +02:00 [DBG] ← GET /api/academic → 200 (166ms)
2026-03-20 23:55:26.193 +02:00 [DBG] → GET /api/arenavideos
2026-03-20 23:55:26.194 +02:00 [DBG] GetAll arena videos: page=1, size=10
2026-03-20 23:55:26.202 +02:00 [DBG] ← GET /api/arenavideos → 200 (9ms)
2026-03-20 23:55:26.204 +02:00 [DBG] → GET /api/arenavideos
2026-03-20 23:55:26.205 +02:00 [DBG] GetAll arena videos: page=1, size=10
2026-03-20 23:55:26.212 +02:00 [DBG] ← GET /api/arenavideos → 200 (7ms)
2026-03-20 23:56:16.265 +02:00 [DBG] → GET /api/books
2026-03-20 23:56:16.267 +02:00 [DBG] GetAll books: lang=null, category=null
2026-03-20 23:56:16.307 +02:00 [DBG] ← GET /api/books → 200 (42ms)
2026-03-20 23:56:16.318 +02:00 [DBG] → GET /api/books
2026-03-20 23:56:16.320 +02:00 [DBG] GetAll books: lang=null, category=null
2026-03-20 23:56:16.450 +02:00 [DBG] ← GET /api/books → 200 (131ms)
2026-03-20 23:56:17.677 +02:00 [DBG] → GET /api/books
2026-03-20 23:56:17.679 +02:00 [DBG] GetAll books: lang=null, category=null
2026-03-20 23:56:17.769 +02:00 [DBG] ← GET /api/books → 200 (91ms)
2026-03-20 23:56:17.783 +02:00 [DBG] → GET /api/books
2026-03-20 23:56:17.784 +02:00 [DBG] GetAll books: lang=null, category=null
2026-03-20 23:56:17.860 +02:00 [DBG] ← GET /api/books → 200 (77ms)
2026-03-20 23:56:20.540 +02:00 [DBG] → GET /api/arenavideos
2026-03-20 23:56:20.543 +02:00 [DBG] GetAll arena videos: page=1, size=10
2026-03-20 23:56:20.788 +02:00 [DBG] ← GET /api/arenavideos → 200 (248ms)
2026-03-20 23:56:20.815 +02:00 [DBG] → GET /api/arenavideos
2026-03-20 23:56:20.822 +02:00 [DBG] GetAll arena videos: page=1, size=10
2026-03-20 23:56:21.058 +02:00 [DBG] ← GET /api/arenavideos → 200 (242ms)
